<?xml version="1.0" encoding="UTF-8"?>
<!-- Generated by org.testng.reporters.JUnitXMLReporter -->
<testsuite ignored="0" hostname="DESKTOP-G3P88A0" failures="0" tests="3" name="Default test" time="21.41" errors="0" timestamp="2023-02-23T19:29:53 IST">
  <testcase classname="assignment.LambdaTest" name="function1Test" time="0.456"/>
  <testcase classname="assignment.LambdaTest" name="function2Test" time="0.238"/>
  <testcase classname="assignment.LambdaTest" name="function3Test" time="0.303"/>
</testsuite> <!-- Default test -->
