<?xml version="1.0" encoding="UTF-8"?>
<testng-results ignored="0" total="3" passed="3" failed="0" skipped="0">
  <reporter-output>
  </reporter-output>
  <suite started-at="2023-02-23T19:29:32 IST" name="Default suite" finished-at="2023-02-23T19:29:53 IST" duration-ms="21410">
    <groups>
    </groups>
    <test started-at="2023-02-23T19:29:32 IST" name="Default test" finished-at="2023-02-23T19:29:53 IST" duration-ms="21410">
      <class name="assignment.LambdaTest">
        <test-method is-config="true" signature="setup()[pri:0, instance:assignment.LambdaTest@2dc54ad4]" started-at="2023-02-23T19:29:32 IST" name="setup" finished-at="2023-02-23T19:29:46 IST" duration-ms="14230" status="PASS">
          <reporter-output>
          </reporter-output>
        </test-method> <!-- setup -->
        <test-method signature="function1Test()[pri:1, instance:assignment.LambdaTest@2dc54ad4]" started-at="2023-02-23T19:29:46 IST" name="function1Test" finished-at="2023-02-23T19:29:47 IST" duration-ms="456" status="PASS">
          <reporter-output>
          </reporter-output>
        </test-method> <!-- function1Test -->
        <test-method is-config="true" signature="staticWait()[pri:0, instance:assignment.LambdaTest@2dc54ad4]" started-at="2023-02-23T19:29:47 IST" name="staticWait" finished-at="2023-02-23T19:29:49 IST" duration-ms="2012" status="PASS">
          <reporter-output>
          </reporter-output>
        </test-method> <!-- staticWait -->
        <test-method signature="function2Test()[pri:2, instance:assignment.LambdaTest@2dc54ad4]" started-at="2023-02-23T19:29:49 IST" name="function2Test" finished-at="2023-02-23T19:29:49 IST" duration-ms="238" status="PASS">
          <reporter-output>
          </reporter-output>
        </test-method> <!-- function2Test -->
        <test-method is-config="true" signature="staticWait()[pri:0, instance:assignment.LambdaTest@2dc54ad4]" started-at="2023-02-23T19:29:49 IST" name="staticWait" finished-at="2023-02-23T19:29:51 IST" duration-ms="2006" status="PASS">
          <reporter-output>
          </reporter-output>
        </test-method> <!-- staticWait -->
        <test-method signature="function3Test()[pri:3, instance:assignment.LambdaTest@2dc54ad4]" started-at="2023-02-23T19:29:51 IST" name="function3Test" finished-at="2023-02-23T19:29:51 IST" duration-ms="303" status="PASS">
          <reporter-output>
          </reporter-output>
        </test-method> <!-- function3Test -->
        <test-method is-config="true" signature="staticWait()[pri:0, instance:assignment.LambdaTest@2dc54ad4]" started-at="2023-02-23T19:29:51 IST" name="staticWait" finished-at="2023-02-23T19:29:53 IST" duration-ms="2012" status="PASS">
          <reporter-output>
          </reporter-output>
        </test-method> <!-- staticWait -->
      </class> <!-- assignment.LambdaTest -->
    </test> <!-- Default test -->
  </suite> <!-- Default suite -->
</testng-results>
